0 info it worked if it ends with ok
1 verbose cli [ '/home/km/.nvm/versions/node/v4.1.0/bin/node',
1 verbose cli   '/home/km/.nvm/versions/node/v4.1.0/bin/npm',
1 verbose cli   'run',
1 verbose cli   'dev' ]
2 info using npm@2.14.3
3 info using node@v4.1.0
4 verbose run-script [ 'predev', 'dev', 'postdev' ]
5 info predev mumories@1.0.0
6 info dev mumories@1.0.0
7 verbose unsafe-perm in lifecycle true
8 info mumories@1.0.0 Failed to exec dev script
9 verbose stack Error: mumories@1.0.0 dev: `nodemon index.js`
9 verbose stack Exit status 1
9 verbose stack     at EventEmitter.<anonymous> (/home/km/.nvm/versions/node/v4.1.0/lib/node_modules/npm/lib/utils/lifecycle.js:214:16)
9 verbose stack     at emitTwo (events.js:87:13)
9 verbose stack     at EventEmitter.emit (events.js:172:7)
9 verbose stack     at ChildProcess.<anonymous> (/home/km/.nvm/versions/node/v4.1.0/lib/node_modules/npm/lib/utils/spawn.js:24:14)
9 verbose stack     at emitTwo (events.js:87:13)
9 verbose stack     at ChildProcess.emit (events.js:172:7)
9 verbose stack     at maybeClose (internal/child_process.js:817:16)
9 verbose stack     at Process.ChildProcess._handle.onexit (internal/child_process.js:211:5)
10 verbose pkgid mumories@1.0.0
11 verbose cwd /home/km/Desktop/MUMORIES
12 error Linux 6.1.0-8-amd64
13 error argv "/home/km/.nvm/versions/node/v4.1.0/bin/node" "/home/km/.nvm/versions/node/v4.1.0/bin/npm" "run" "dev"
14 error node v4.1.0
15 error npm  v2.14.3
16 error code ELIFECYCLE
17 error mumories@1.0.0 dev: `nodemon index.js`
17 error Exit status 1
18 error Failed at the mumories@1.0.0 dev script 'nodemon index.js'.
18 error This is most likely a problem with the mumories package,
18 error not with npm itself.
18 error Tell the author that this fails on your system:
18 error     nodemon index.js
18 error You can get their info via:
18 error     npm owner ls mumories
18 error There is likely additional logging output above.
19 verbose exit [ 1, true ]
